2025-01-28 00:15:41 INFO main_functions - analyse_light_curve: Start of analysis
2025-01-28 00:16:53 INFO main_functions - analyse_frequencies: Frequency extraction done. Total time elapsed: 72.7s.
2025-01-28 00:17:31 INFO main_functions - analyse_harmonics: Harmonic analysis done. Total time elapsed: 37.9s.
2025-01-28 00:18:58 INFO main_functions - analyse_light_curve: Dividing period by 4, redoing some steps
2025-01-28 00:18:58 INFO main_functions - analyse_harmonics: Not enough harmonics found: 1; period (days): 4.117895524690481; time-base (days): 762.5409844513051
2025-02-12 00:52:23 INFO main_functions - analyse_light_curve: Start of analysis
2025-02-12 00:52:32 INFO main_functions - analyse_frequencies: Frequency extraction done. Total time elapsed: 8.7s.
2025-02-12 00:52:36 INFO main_functions - analyse_harmonics: Harmonic analysis done. Total time elapsed: 3.7s.
2025-02-12 00:53:40 INFO main_functions - analyse_light_curve: Dividing period by 4, redoing some steps
2025-02-12 00:53:41 INFO main_functions - analyse_harmonics: Not enough harmonics found: 1; period (days): 4.117895524690481; time-base (days): 762.5409844513051
2025-02-12 01:07:12 INFO main_functions - analyse_light_curve: Start of analysis
2025-02-12 01:07:26 INFO main_functions - analyse_frequencies: Frequency extraction done. Total time elapsed: 13.8s.
2025-02-12 01:07:34 INFO main_functions - analyse_harmonics: Harmonic analysis done. Total time elapsed: 7.8s.
2025-02-12 01:08:17 INFO main_functions - analyse_light_curve: Dividing period by 4, redoing some steps
2025-02-12 01:08:18 INFO main_functions - analyse_harmonics: Not enough harmonics found: 1; period (days): 4.117895524690481; time-base (days): 762.5409844513051
2025-02-24 22:49:51 INFO main_functions - analyse_light_curve: Start of analysis
2025-02-24 22:49:58 INFO main_functions - analyse_frequencies: Frequency extraction done. Total time elapsed: 6.6s.
2025-02-24 22:50:01 INFO main_functions - analyse_harmonics: Harmonic analysis done. Total time elapsed: 3.1s.
2025-02-24 22:50:22 INFO main_functions - analyse_light_curve: Dividing period by 4, redoing some steps
2025-02-24 22:50:22 INFO main_functions - analyse_harmonics: Not enough harmonics found: 1; period (days): 4.117895524690481; time-base (days): 762.5409844513051
