2025-02-06 11:32:09 INFO main_functions - analyse_light_curve: Start of analysis
2025-02-06 11:32:23 INFO main_functions - analyse_frequencies: Frequency extraction done. Total time elapsed: 13.6s.
2025-02-06 11:32:32 INFO main_functions - analyse_harmonics: Harmonic analysis done. Total time elapsed: 9.0s.
2025-02-06 11:32:37 INFO main_functions - analyse_light_curve: Dividing period by 5, redoing some steps
2025-02-06 11:32:37 INFO main_functions - analyse_harmonics: Not enough harmonics found: 1; period (days): 0.18022465356814577; time-base (days): 761.5529059371911
2025-02-12 01:26:02 INFO main_functions - analyse_light_curve: Start of analysis
2025-02-12 01:26:30 INFO main_functions - analyse_frequencies: Frequency extraction done. Total time elapsed: 27.5s.
2025-02-12 01:26:47 INFO main_functions - analyse_harmonics: Harmonic analysis done. Total time elapsed: 16.7s.
2025-02-12 01:26:56 INFO main_functions - analyse_light_curve: Dividing period by 5, redoing some steps
2025-02-12 01:26:56 INFO main_functions - analyse_harmonics: Not enough harmonics found: 1; period (days): 0.18022465356814577; time-base (days): 761.5529059371911
2025-02-12 09:56:22 INFO main_functions - analyse_light_curve: Start of analysis
2025-02-12 09:56:30 INFO main_functions - analyse_frequencies: Frequency extraction done. Total time elapsed: 7.8s.
2025-02-12 09:56:37 INFO main_functions - analyse_harmonics: Harmonic analysis done. Total time elapsed: 6.5s.
2025-02-12 09:56:40 INFO main_functions - analyse_light_curve: Dividing period by 5, redoing some steps
2025-02-12 09:56:40 INFO main_functions - analyse_harmonics: Not enough harmonics found: 1; period (days): 0.18022465356814577; time-base (days): 761.5529059371911
2025-02-13 02:48:14 INFO main_functions - analyse_light_curve: Start of analysis
2025-02-13 02:48:20 INFO main_functions - analyse_frequencies: Frequency extraction done. Total time elapsed: 5.7s.
2025-02-13 02:48:24 INFO main_functions - analyse_harmonics: Harmonic analysis done. Total time elapsed: 4.2s.
2025-02-13 02:48:26 INFO main_functions - analyse_light_curve: Dividing period by 5, redoing some steps
2025-02-13 02:48:26 INFO main_functions - analyse_harmonics: Not enough harmonics found: 1; period (days): 0.18022465356814577; time-base (days): 761.5529059371911
